This is pdfTeX, Version 3.1415926-2.4-1.40.13 (TeX Live 2012) (format=pdflatex 2012.6.30)  28 FEB 2013 20:34
entering extended mode
 restricted \write18 enabled.
 file:line:error style messages enabled.
 %&-line parsing enabled.
**Baniqued_Wee_HW2.tex
(./Baniqued_Wee_HW2.tex
LaTeX2e <2011/06/27>
Babel <v3.8m> and hyphenation patterns for english, dumylang, nohyphenation, ge
rman-x-2012-05-30, ngerman-x-2012-05-30, afrikaans, ancientgreek, ibycus, arabi
c, armenian, basque, bulgarian, catalan, pinyin, coptic, croatian, czech, danis
h, dutch, ukenglish, usenglishmax, esperanto, estonian, ethiopic, farsi, finnis
h, french, friulan, galician, german, ngerman, swissgerman, monogreek, greek, h
ungarian, icelandic, assamese, bengali, gujarati, hindi, kannada, malayalam, ma
rathi, oriya, panjabi, tamil, telugu, indonesian, interlingua, irish, italian, 
kurmanji, latin, latvian, lithuanian, mongolian, mongolianlmc, bokmal, nynorsk,
 polish, portuguese, romanian, romansh, russian, sanskrit, serbian, serbianc, s
lovak, slovenian, spanish, swedish, turkish, turkmen, ukrainian, uppersorbian, 
welsh, loaded.
(/usr/local/texlive/2012/texmf-dist/tex/latex/base/article.cls
Document Class: article 2007/10/19 v1.4h Standard LaTeX document class
(/usr/local/texlive/2012/texmf-dist/tex/latex/base/size12.clo
File: size12.clo 2007/10/19 v1.4h Standard LaTeX file (size option)
)
\c@part=\count79
\c@section=\count80
\c@subsection=\count81
\c@subsubsection=\count82
\c@paragraph=\count83
\c@subparagraph=\count84
\c@figure=\count85
\c@table=\count86
\abovecaptionskip=\skip41
\belowcaptionskip=\skip42
\bibindent=\dimen102
)
(/usr/local/texlive/2012/texmf-dist/tex/latex/bbm-macros/bbm.sty
Package: bbm 1999/03/15 V 1.2 provides fonts for set symbols - TH
LaTeX Font Info:    Overwriting math alphabet `\mathbbm' in version `bold'
(Font)                  U/bbm/m/n --> U/bbm/bx/n on input line 33.
LaTeX Font Info:    Overwriting math alphabet `\mathbbmss' in version `bold'
(Font)                  U/bbmss/m/n --> U/bbmss/bx/n on input line 35.
)
(/usr/local/texlive/2012/texmf-dist/tex/latex/url/url.sty
\Urlmuskip=\muskip10
Package: url 2006/04/12  ver 3.3  Verb mode for urls, etc.
)
(/usr/local/texlive/2012/texmf-dist/tex/latex/fancyhdr/fancyhdr.sty
\fancy@headwidth=\skip43
\f@ncyO@elh=\skip44
\f@ncyO@erh=\skip45
\f@ncyO@olh=\skip46
\f@ncyO@orh=\skip47
\f@ncyO@elf=\skip48
\f@ncyO@erf=\skip49
\f@ncyO@olf=\skip50
\f@ncyO@orf=\skip51
)
(/usr/local/texlive/2012/texmf-dist/tex/latex/amsmath/amsmath.sty
Package: amsmath 2000/07/18 v2.13 AMS math features
\@mathmargin=\skip52

For additional information on amsmath, use the `?' option.
(/usr/local/texlive/2012/texmf-dist/tex/latex/amsmath/amstext.sty
Package: amstext 2000/06/29 v2.01

(/usr/local/texlive/2012/texmf-dist/tex/latex/amsmath/amsgen.sty
File: amsgen.sty 1999/11/30 v2.0
\@emptytoks=\toks14
\ex@=\dimen103
))
(/usr/local/texlive/2012/texmf-dist/tex/latex/amsmath/amsbsy.sty
Package: amsbsy 1999/11/29 v1.2d
\pmbraise@=\dimen104
)
(/usr/local/texlive/2012/texmf-dist/tex/latex/amsmath/amsopn.sty
Package: amsopn 1999/12/14 v2.01 operator names
)
\inf@bad=\count87
LaTeX Info: Redefining \frac on input line 211.
\uproot@=\count88
\leftroot@=\count89
LaTeX Info: Redefining \overline on input line 307.
\classnum@=\count90
\DOTSCASE@=\count91
LaTeX Info: Redefining \ldots on input line 379.
LaTeX Info: Redefining \dots on input line 382.
LaTeX Info: Redefining \cdots on input line 467.
\Mathstrutbox@=\box26
\strutbox@=\box27
\big@size=\dimen105
LaTeX Font Info:    Redeclaring font encoding OML on input line 567.
LaTeX Font Info:    Redeclaring font encoding OMS on input line 568.
\macc@depth=\count92
\c@MaxMatrixCols=\count93
\dotsspace@=\muskip11
\c@parentequation=\count94
\dspbrk@lvl=\count95
\tag@help=\toks15
\row@=\count96
\column@=\count97
\maxfields@=\count98
\andhelp@=\toks16
\eqnshift@=\dimen106
\alignsep@=\dimen107
\tagshift@=\dimen108
\tagwidth@=\dimen109
\totwidth@=\dimen110
\lineht@=\dimen111
\@envbody=\toks17
\multlinegap=\skip53
\multlinetaggap=\skip54
\mathdisplay@stack=\toks18
LaTeX Info: Redefining \[ on input line 2666.
LaTeX Info: Redefining \] on input line 2667.
)
(/usr/local/texlive/2012/texmf-dist/tex/latex/tools/multicol.sty
Package: multicol 2011/06/27 v1.7a multicolumn formatting (FMi)
\c@tracingmulticols=\count99
\mult@box=\box28
\multicol@leftmargin=\dimen112
\c@unbalance=\count100
\c@collectmore=\count101
\doublecol@number=\count102
\multicoltolerance=\count103
\multicolpretolerance=\count104
\full@width=\dimen113
\page@free=\dimen114
\premulticols=\dimen115
\postmulticols=\dimen116
\multicolsep=\skip55
\multicolbaselineskip=\skip56
\partial@page=\box29
\last@line=\box30
\mult@rightbox=\box31
\mult@grightbox=\box32
\mult@gfirstbox=\box33
\mult@firstbox=\box34
\@tempa=\box35
\@tempa=\box36
\@tempa=\box37
\@tempa=\box38
\@tempa=\box39
\@tempa=\box40
\@tempa=\box41
\@tempa=\box42
\@tempa=\box43
\@tempa=\box44
\@tempa=\box45
\@tempa=\box46
\@tempa=\box47
\@tempa=\box48
\@tempa=\box49
\@tempa=\box50
\@tempa=\box51
\c@columnbadness=\count105
\c@finalcolumnbadness=\count106
\last@try=\dimen117
\multicolovershoot=\dimen118
\multicolundershoot=\dimen119
\mult@nat@firstbox=\box52
\colbreak@box=\box53
\multicol@sort@counter=\count107
)
(/usr/local/texlive/2012/texmf-dist/tex/generic/pictex/pictexwd.sty
(/usr/local/texlive/2012/texmf-dist/tex/generic/pictex/prepictex.tex)
(/usr/local/texlive/2012/texmf-dist/tex/generic/pictex/pictexwd.tex)
(/usr/local/texlive/2012/texmf-dist/tex/generic/pictex/postpictex.tex)
(/usr/local/texlive/2012/texmf-dist/tex/generic/pictex/picmore.tex)
(/usr/local/texlive/2012/texmf-dist/tex/generic/pictex/piccorr.sty))
(/usr/local/texlive/2012/texmf-dist/tex/latex/enumitem/enumitem.sty
Package: enumitem 2011/09/28 v3.5.2 Customized lists
\enitkv@toks@=\toks22
\labelindent=\skip83
\enit@outerparindent=\dimen197
\enit@toks=\toks23
\enit@inbox=\box60
\enitdp@description=\count123
)
(/usr/local/texlive/2012/texmf-dist/tex/latex/graphics/graphicx.sty
Package: graphicx 1999/02/16 v1.0f Enhanced LaTeX Graphics (DPC,SPQR)

(/usr/local/texlive/2012/texmf-dist/tex/latex/graphics/keyval.sty
Package: keyval 1999/03/16 v1.13 key=value parser (DPC)
\KV@toks@=\toks24
)
(/usr/local/texlive/2012/texmf-dist/tex/latex/graphics/graphics.sty
Package: graphics 2009/02/05 v1.0o Standard LaTeX Graphics (DPC,SPQR)

(/usr/local/texlive/2012/texmf-dist/tex/latex/graphics/trig.sty
Package: trig 1999/03/16 v1.09 sin cos tan (DPC)
)
(/usr/local/texlive/2012/texmf-dist/tex/latex/latexconfig/graphics.cfg
File: graphics.cfg 2010/04/23 v1.9 graphics configuration of TeX Live
)
Package graphics Info: Driver file: pdftex.def on input line 91.

(/usr/local/texlive/2012/texmf-dist/tex/latex/pdftex-def/pdftex.def
File: pdftex.def 2011/05/27 v0.06d Graphics/color for pdfTeX

(/usr/local/texlive/2012/texmf-dist/tex/generic/oberdiek/infwarerr.sty
Package: infwarerr 2010/04/08 v1.3 Providing info/warning/error messages (HO)
)
(/usr/local/texlive/2012/texmf-dist/tex/generic/oberdiek/ltxcmds.sty
Package: ltxcmds 2011/11/09 v1.22 LaTeX kernel commands for general use (HO)
)
\Gread@gobject=\count124
))
\Gin@req@height=\dimen198
\Gin@req@width=\dimen199
)
(/usr/local/texlive/2012/texmf-dist/tex/latex/booktabs/booktabs.sty
Package: booktabs 2005/04/14 v1.61803 publication quality tables
\heavyrulewidth=\dimen200
\lightrulewidth=\dimen201
\cmidrulewidth=\dimen202
\belowrulesep=\dimen203
\belowbottomsep=\dimen204
\aboverulesep=\dimen205
\abovetopsep=\dimen206
\cmidrulesep=\dimen207
\cmidrulekern=\dimen208
\defaultaddspace=\dimen209
\@cmidla=\count125
\@cmidlb=\count126
\@aboverulesep=\dimen210
\@belowrulesep=\dimen211
\@thisruleclass=\count127
\@lastruleclass=\count128
\@thisrulewidth=\dimen212
)
(/usr/local/texlive/2012/texmf-dist/tex/latex/multirow/multirow.sty
\bigstrutjot=\dimen213
)
(/usr/local/texlive/2012/texmf-dist/tex/latex/siunitx/siunitx.sty
(/usr/local/texlive/2012/texmf-dist/tex/latex/l3kernel/expl3.sty
(/usr/local/texlive/2012/texmf-dist/tex/latex/l3kernel/l3names.sty
(/usr/local/texlive/2012/texmf-dist/tex/latex/l3kernel/l3bootstrap.sty
Package: l3bootstrap 2011/12/29 v3110 L3 Experimental bootstrap code
)
Package: l3names 2012/03/04 v3494 L3 Experimental namespace for primitives
)
(/usr/local/texlive/2012/texmf-dist/tex/latex/etex-pkg/etex.sty
Package: etex 1998/03/26 v2.0 eTeX basic definition package (PEB)
\et@xins=\count129
)
Package: expl3 2012/04/23 v3570 L3 Experimental code bundle wrapper

(/usr/local/texlive/2012/texmf-dist/tex/latex/graphics/color.sty
Package: color 2005/11/14 v1.0j Standard LaTeX Color (DPC)

(/usr/local/texlive/2012/texmf-dist/tex/latex/latexconfig/color.cfg
File: color.cfg 2007/01/18 v1.5 color configuration of teTeX/TeXLive
)
Package color Info: Driver file: pdftex.def on input line 130.
)
(/usr/local/texlive/2012/texmf-dist/tex/latex/l3kernel/l3basics.sty
Package: l3basics 2012/03/04 v3491 L3 Experimental basic definitions
)
(/usr/local/texlive/2012/texmf-dist/tex/latex/l3kernel/l3expan.sty
Package: l3expan 2012/02/26 v3460 L3 Experimental argument expansion
)
(/usr/local/texlive/2012/texmf-dist/tex/latex/l3kernel/l3tl.sty
Package: l3tl 2012/03/04 v3490 L3 Experimental token lists
)
(/usr/local/texlive/2012/texmf-dist/tex/latex/l3kernel/l3seq.sty
Package: l3seq 2012/03/04 v3490 L3 Experimental sequences and stacks
)
(/usr/local/texlive/2012/texmf-dist/tex/latex/l3kernel/l3int.sty
Package: l3int 2012/03/04 v3490 L3 Experimental integers
\c_max_int=\count130
\l_tmpa_int=\count131
\l_tmpb_int=\count132
\l_tmpc_int=\count133
\g_tmpa_int=\count134
\g_tmpb_int=\count135
)
(/usr/local/texlive/2012/texmf-dist/tex/latex/l3kernel/l3quark.sty
Package: l3quark 2012/02/12 v3384 L3 Experimental quarks
)
(/usr/local/texlive/2012/texmf-dist/tex/latex/l3kernel/l3prg.sty
Package: l3prg 2012/03/04 v3490 L3 Experimental control structures
\g_prg_map_int=\count136
)
(/usr/local/texlive/2012/texmf-dist/tex/latex/l3kernel/l3clist.sty
Package: l3clist 2012/03/04 v3490 L3 Experimental comma separated lists
)
(/usr/local/texlive/2012/texmf-dist/tex/latex/l3kernel/l3token.sty
Package: l3token 2012/03/04 v3491 L3 Experimental token manipulation
)
(/usr/local/texlive/2012/texmf-dist/tex/latex/l3kernel/l3prop.sty
Package: l3prop 2012/03/04 v3490 L3 Experimental property lists
)
(/usr/local/texlive/2012/texmf-dist/tex/latex/l3kernel/l3msg.sty
Package: l3msg 2012/04/23 v3568 L3 Experimental messages
)
(/usr/local/texlive/2012/texmf-dist/tex/latex/l3kernel/l3file.sty
Package: l3file 2012/03/09 v3520 L3 Experimental file and I/O operations
\l_iow_stream_int=\count137
\l_iow_line_length_int=\count138
\l_iow_target_length_int=\count139
\l_iow_current_line_int=\count140
\l_iow_current_word_int=\count141
\l_iow_current_indentation_int=\count142
)
(/usr/local/texlive/2012/texmf-dist/tex/latex/l3kernel/l3skip.sty
Package: l3skip 2012/03/05 v3499 L3 Experimental dimensions and skips
Normal \dimen register pool exhausted, switching to extended pool.
\l_tmpa_dim=\dimen256
\l_tmpb_dim=\dimen257
\l_tmpc_dim=\dimen258
\g_tmpa_dim=\dimen259
\g_tmpb_dim=\dimen260
\l_tmpa_skip=\skip84
\l_tmpb_skip=\skip85
\l_tmpc_skip=\skip86
\g_tmpa_skip=\skip87
\g_tmpb_skip=\skip88
)
(/usr/local/texlive/2012/texmf-dist/tex/latex/l3kernel/l3keys.sty
Package: l3keys 2012/03/03 v3487 L3 Experimental key-value interfaces
\g_keyval_level_int=\count143
\l_keys_choice_int=\count144
)
(/usr/local/texlive/2012/texmf-dist/tex/latex/l3kernel/l3fp.sty
Package: l3fp 2012/03/04 v3490 L3 Experimental floating-point operations
\c_one_million=\count145
\c_one_hundred_million=\count146
\c_five_hundred_million=\count147
\c_one_thousand_million=\count148
\c_fp_pi_by_four_decimal_int=\count149
\c_fp_pi_by_four_extended_int=\count150
\c_fp_pi_decimal_int=\count151
\c_fp_pi_extended_int=\count152
\c_fp_two_pi_decimal_int=\count153
\c_fp_two_pi_extended_int=\count154
\l_fp_count_int=\count155
\l_fp_div_offset_int=\count156
\l_fp_exp_integer_int=\count157
\l_fp_exp_decimal_int=\count158
\l_fp_exp_extended_int=\count159
\l_fp_exp_exponent_int=\count160
\l_fp_input_a_sign_int=\count161
\l_fp_input_a_integer_int=\count162
\l_fp_input_a_decimal_int=\count163
\l_fp_input_a_exponent_int=\count164
\l_fp_input_b_sign_int=\count165
\l_fp_input_b_integer_int=\count166
\l_fp_input_b_decimal_int=\count167
\l_fp_input_b_exponent_int=\count168
\l_fp_input_a_extended_int=\count169
\l_fp_input_b_extended_int=\count170
\l_fp_mul_a_i_int=\count171
\l_fp_mul_a_ii_int=\count172
\l_fp_mul_a_iii_int=\count173
\l_fp_mul_a_iv_int=\count174
\l_fp_mul_a_v_int=\count175
\l_fp_mul_a_vi_int=\count176
\l_fp_mul_b_i_int=\count177
\l_fp_mul_b_ii_int=\count178
\l_fp_mul_b_iii_int=\count179
\l_fp_mul_b_iv_int=\count180
\l_fp_mul_b_v_int=\count181
\l_fp_mul_b_vi_int=\count182
\l_fp_mul_output_int=\count183
\l_fp_output_sign_int=\count184
\l_fp_output_integer_int=\count185
\l_fp_output_decimal_int=\count186
\l_fp_output_exponent_int=\count187
\l_fp_output_extended_int=\count188
\l_fp_round_position_int=\count189
\l_fp_round_target_int=\count190
\l_fp_split_sign_int=\count191
\l_fp_internal_int=\count192
\l_fp_trig_octant_int=\count193
\l_fp_trig_sign_int=\count194
\l_fp_trig_decimal_int=\count195
\l_fp_trig_extended_int=\count196
\l_fp_internal_dim=\dimen261
\l_fp_internal_skip=\skip89
)
(/usr/local/texlive/2012/texmf-dist/tex/latex/l3kernel/l3box.sty
Package: l3box 2012/03/04 v3490 L3 Experimental boxes
\l_tmpb_box=\box61
\l_box_top_dim=\dimen262
\l_box_bottom_dim=\dimen263
\l_box_left_dim=\dimen264
\l_box_right_dim=\dimen265
\l_box_top_new_dim=\dimen266
\l_box_bottom_new_dim=\dimen267
\l_box_left_new_dim=\dimen268
\l_box_right_new_dim=\dimen269
\l_box_internal_box=\box62
)
(/usr/local/texlive/2012/texmf-dist/tex/latex/l3kernel/l3coffins.sty
Package: l3coffins 2012/03/03 v3482 L3 Experimental coffin code layer
\l_coffin_internal_box=\box63
\l_coffin_internal_dim=\dimen270
\l_coffin_offset_x_dim=\dimen271
\l_coffin_offset_y_dim=\dimen272
\l_coffin_x_dim=\dimen273
\l_coffin_y_dim=\dimen274
\l_coffin_x_prime_dim=\dimen275
\l_coffin_y_prime_dim=\dimen276
\l_coffin_Depth_dim=\dimen277
\l_coffin_Height_dim=\dimen278
\l_coffin_TotalHeight_dim=\dimen279
\l_coffin_Width_dim=\dimen280
\c_empty_coffin=\box64
\l_coffin_aligned_coffin=\box65
\l_coffin_aligned_internal_coffin=\box66
\l_coffin_bounding_shift_dim=\dimen281
\l_coffin_left_corner_dim=\dimen282
\l_coffin_right_corner_dim=\dimen283
\l_coffin_bottom_corner_dim=\dimen284
\l_coffin_top_corner_dim=\dimen285
\l_coffin_scaled_total_height_dim=\dimen286
\l_coffin_scaled_width_dim=\dimen287
\l_coffin_display_coffin=\box67
\l_coffin_display_coord_coffin=\box68
\l_coffin_display_pole_coffin=\box69
\l_coffin_display_offset_dim=\dimen288
\l_coffin_display_x_dim=\dimen289
\l_coffin_display_y_dim=\dimen290
)
(/usr/local/texlive/2012/texmf-dist/tex/latex/l3kernel/l3color.sty
Package: l3color 2011/09/07 v2776 L3 Experimental colour support
)
(/usr/local/texlive/2012/texmf-dist/tex/latex/l3kernel/l3luatex.sty
Package: l3luatex 2012/02/09 v3355 L3 Experimental LuaTeX-specific functions
\g_cctab_allocate_int=\count197
\g_cctab_stack_int=\count198
))
Package: siunitx 2012/05/03 v2.5c A comprehensive (SI) units package

(/usr/local/texlive/2012/texmf-dist/tex/latex/tools/array.sty
Package: array 2008/09/09 v2.4c Tabular extension package (FMi)
\col@sep=\dimen291
\extrarowheight=\dimen292
\NC@list=\toks25
\extratabsurround=\skip90
\backup@length=\skip91
)
(/usr/local/texlive/2012/texmf-dist/tex/latex/l3packages/l3keys2e/l3keys2e.sty
(/usr/local/texlive/2012/texmf-dist/tex/latex/l3packages/xparse/xparse.sty
Package: xparse 2012/04/23 v3570 L3 Experimental document command parser
\l_xparse_current_arg_int=\count199
\l_xparse_m_args_int=\count200
\l_xparse_mandatory_args_int=\count201
Normal \count register pool exhausted, switching to extended pool.
\l_xparse_processor_int=\count277
\l_xparse_v_nesting_int=\count278
)
Package: l3keys2e 2012/04/23 v3570 LaTeX2e option processing using LaTeX3 keys
)
\l_siunitx_tmp_box=\box70
\l_siunitx_tmp_dim=\dimen293
\l_siunitx_tmp_int=\count279
Variant \prop_get:NVNT already defined; not changing it on line 360
Variant \prop_get:NVNF already defined; not changing it on line 361
Variant \prop_get:NVNTF already defined; not changing it on line 362
\l_siunitx_number_mantissa_length_int=\count280
\l_siunitx_number_uncert_length_int=\count281
\l_siunitx_round_int=\count282
\l_siunitx_process_decimal_int=\count283
\l_siunitx_process_uncertainty_int=\count284
\l_siunitx_process_fixed_int=\count285
\l_siunitx_process_integer_min_int=\count286
\l_siunitx_process_precision_int=\count287
\l_siunitx_group_min_int=\count288
\l_siunitx_angle_marker_box=\box71
\l_siunitx_angle_unit_box=\box72
\l_siunitx_angle_marker_dim=\dimen294
\l_siunitx_angle_unit_dim=\dimen295
\l_siunitx_unit_int=\count289
\l_siunitx_unit_denominator_int=\count290
\l_siunitx_unit_numerator_int=\count291
\l_siunitx_unit_prefix_int=\count292
\l_siunitx_unit_prefix_base_int=\count293
\l_siunitx_unit_prefix_gram_int=\count294
\l_siunitx_number_product_int=\count295
\c_siunitx_one_fill_skip=\skip92
\l_siunitx_table_unit_align_skip=\skip93
\l_siunitx_table_exponent_dim=\dimen296
\l_siunitx_table_integer_dim=\dimen297
\l_siunitx_table_mantissa_dim=\dimen298
\l_siunitx_table_marker_dim=\dimen299
\l_siunitx_table_result_dim=\dimen300
\l_siunitx_table_uncert_dim=\dimen301
\l_siunitx_table_fill_pre_dim=\dimen302
\l_siunitx_table_fill_post_dim=\dimen303
\l_siunitx_table_fill_mid_dim=\dimen304
\l_siunitx_table_pre_box=\box73
\l_siunitx_table_post_box=\box74
\l_siunitx_table_mantissa_box=\box75
\l_siunitx_table_result_box=\box76
\l_siunitx_table_number_align_skip=\skip94
\l_siunitx_table_text_align_skip=\skip95
.................................................
. LaTeX info: "xparse/define-command"
. 
. Defining document command \DeclareBinaryPrefix with arg. spec. 'mmm' on line
. 7037.
.................................................
.................................................
. LaTeX info: "xparse/define-command"
. 
. Defining document command \DeclareSIPostPower with arg. spec. 'mm' on line
. 7040.
.................................................
.................................................
. LaTeX info: "xparse/define-command"
. 
. Defining document command \DeclareSIPrefix with arg. spec. 'mmm' on line
. 7043.
.................................................
.................................................
. LaTeX info: "xparse/define-command"
. 
. Defining document command \DeclareSIPrePower with arg. spec. 'mm' on line
. 7046.
.................................................
.................................................
. LaTeX info: "xparse/define-command"
. 
. Defining document command \DeclareSIQualifier with arg. spec. 'mm' on line
. 7049.
.................................................
.................................................
. LaTeX info: "xparse/define-command"
. 
. Defining document command \DeclareSIUnit with arg. spec. 'O{}mm' on line
. 7052.
.................................................
.................................................
. LaTeX info: "xparse/define-command"
. 
. Defining document command \DeclareSIUnitWithOptions with arg. spec. 'mmm' on
. line 7055.
.................................................
.................................................
. LaTeX info: "xparse/define-command"
. 
. Defining document command \ang with arg. spec. 'o>{\SplitArgument {2}{;}}m'
. on line 7070.
.................................................
.................................................
. LaTeX info: "xparse/define-command"
. 
. Defining document command \num with arg. spec. 'om' on line 7078.
.................................................
.................................................
. LaTeX info: "xparse/define-command"
. 
. Defining document command \numlist with arg. spec. 'o>{\SplitList {;}}m' on
. line 7086.
.................................................
.................................................
. LaTeX info: "xparse/define-command"
. 
. Defining document command \numrange with arg. spec. 'omm' on line 7094.
.................................................
.................................................
. LaTeX info: "xparse/define-command"
. 
. Defining document command \SIlist with arg. spec. 'o>{\SplitList {;}}mm' on
. line 7105.
.................................................
.................................................
. LaTeX info: "xparse/define-command"
. 
. Defining document command \SIrange with arg. spec. 'ommm' on line 7116.
.................................................
.................................................
. LaTeX info: "xparse/define-command"
. 
. Defining document command \SI with arg. spec. 'omom' on line 7127.
.................................................
.................................................
. LaTeX info: "xparse/define-command"
. 
. Defining document command \sisetup with arg. spec. 'm' on line 7130.
.................................................
.................................................
. LaTeX info: "xparse/define-command"
. 
. Defining document command \tablenum with arg. spec. 'om' on line 7142.
.................................................
.................................................
. LaTeX info: "xparse/define-command"
. 
. Defining document command \si with arg. spec. 'om' on line 7153.
.................................................
.................................................
. LaTeX info: "xparse/define-command"
. 
. Defining document command \siunitx_bookmark_num:w with arg. spec. 'om' on
. line 7197.
.................................................
.................................................
. LaTeX info: "xparse/define-command"
. 
. Defining document command \siunitx_bookmark_numrange:w with arg. spec. 'omm'
. on line 7199.
.................................................
.................................................
. LaTeX info: "xparse/define-command"
. 
. Defining document command \siunitx_bookmark_SI:w with arg. spec. 'omom' on
. line 7201.
.................................................
.................................................
. LaTeX info: "xparse/define-command"
. 
. Defining document command \siunitx_bookmark_SIlist:w with arg. spec. 'omm'
. on line 7203.
.................................................
.................................................
. LaTeX info: "xparse/define-command"
. 
. Defining document command \siunitx_bookmark_SIrange:w with arg. spec. 'ommm'
. on line 7205.
.................................................
.................................................
. LaTeX info: "xparse/define-command"
. 
. Defining document command \siunitx_bookmark_si:w with arg. spec. 'om' on
. line 7206.
.................................................
\g_ior_internal_ior=\read1

(/usr/local/texlive/2012/texmf-dist/tex/latex/beamer/translator/translator.sty
Package: translator 2010/06/12 ver 1.10

(/usr/local/texlive/2012/texmf-dist/tex/latex/beamer/translator/translator-lang
uage-mappings.tex)))
\c@problemnumber=\count296
\c@partnumber=\count297
 (./Baniqued_Wee_HW2.aux)
\openout1 = `Baniqued_Wee_HW2.aux'.

LaTeX Font Info:    Checking defaults for OML/cmm/m/it on input line 42.
LaTeX Font Info:    ... okay on input line 42.
LaTeX Font Info:    Checking defaults for T1/cmr/m/n on input line 42.
LaTeX Font Info:    ... okay on input line 42.
LaTeX Font Info:    Checking defaults for OT1/cmr/m/n on input line 42.
LaTeX Font Info:    ... okay on input line 42.
LaTeX Font Info:    Checking defaults for OMS/cmsy/m/n on input line 42.
LaTeX Font Info:    ... okay on input line 42.
LaTeX Font Info:    Checking defaults for OMX/cmex/m/n on input line 42.
LaTeX Font Info:    ... okay on input line 42.
LaTeX Font Info:    Checking defaults for U/cmr/m/n on input line 42.
LaTeX Font Info:    ... okay on input line 42.

(/usr/local/texlive/2012/texmf-dist/tex/context/base/supp-pdf.mkii
[Loading MPS to PDF converter (version 2006.09.02).]
\scratchcounter=\count298
\scratchdimen=\dimen305
\scratchbox=\box77
\nofMPsegments=\count299
\nofMParguments=\count300
\everyMPshowfont=\toks26
\MPscratchCnt=\count301
\MPscratchDim=\dimen306
\MPnumerator=\count302
\makeMPintoPDFobject=\count303
\everyMPtoPDFconversion=\toks27
) (/usr/local/texlive/2012/texmf-dist/tex/generic/oberdiek/pdftexcmds.sty
Package: pdftexcmds 2011/11/29 v0.20 Utility functions of pdfTeX for LuaTeX (HO
)

(/usr/local/texlive/2012/texmf-dist/tex/generic/oberdiek/ifluatex.sty
Package: ifluatex 2010/03/01 v1.3 Provides the ifluatex switch (HO)
Package ifluatex Info: LuaTeX not detected.
)
(/usr/local/texlive/2012/texmf-dist/tex/generic/oberdiek/ifpdf.sty
Package: ifpdf 2011/01/30 v2.3 Provides the ifpdf switch (HO)
Package ifpdf Info: pdfTeX in PDF mode is detected.
)
Package pdftexcmds Info: LuaTeX not detected.
Package pdftexcmds Info: \pdf@primitive is available.
Package pdftexcmds Info: \pdf@ifprimitive is available.
Package pdftexcmds Info: \pdfdraftmode found.
)
(/usr/local/texlive/2012/texmf-dist/tex/latex/oberdiek/epstopdf-base.sty
Package: epstopdf-base 2010/02/09 v2.5 Base part for package epstopdf

(/usr/local/texlive/2012/texmf-dist/tex/latex/oberdiek/grfext.sty
Package: grfext 2010/08/19 v1.1 Manage graphics extensions (HO)

(/usr/local/texlive/2012/texmf-dist/tex/generic/oberdiek/kvdefinekeys.sty
Package: kvdefinekeys 2011/04/07 v1.3 Define keys (HO)
))
(/usr/local/texlive/2012/texmf-dist/tex/latex/oberdiek/kvoptions.sty
Package: kvoptions 2011/06/30 v3.11 Key value format for package options (HO)

(/usr/local/texlive/2012/texmf-dist/tex/generic/oberdiek/kvsetkeys.sty
Package: kvsetkeys 2012/04/25 v1.16 Key value parser (HO)

(/usr/local/texlive/2012/texmf-dist/tex/generic/oberdiek/etexcmds.sty
Package: etexcmds 2011/02/16 v1.5 Avoid name clashes with e-TeX commands (HO)
Package etexcmds Info: Could not find \expanded.
(etexcmds)             That can mean that you are not using pdfTeX 1.50 or
(etexcmds)             that some package has redefined \expanded.
(etexcmds)             In the latter case, load this package earlier.
)))
Package grfext Info: Graphics extension search list:
(grfext)             [.png,.pdf,.jpg,.mps,.jpeg,.jbig2,.jb2,.PNG,.PDF,.JPG,.JPE
G,.JBIG2,.JB2,.eps]
(grfext)             \AppendGraphicsExtensions on input line 452.

(/usr/local/texlive/2012/texmf-dist/tex/latex/latexconfig/epstopdf-sys.cfg
File: epstopdf-sys.cfg 2010/07/13 v1.3 Configuration of (r)epstopdf for TeX Liv
e
))
(/usr/local/texlive/2012/texmf-dist/tex/latex/beamer/translator/dicts/translato
r-basic-dictionary/translator-basic-dictionary-English.dict
Dictionary: translator-basic-dictionary, Language: English 
)
(/usr/local/texlive/2012/texmf-dist/tex/latex/siunitx/config/siunitx-abbreviati
ons.cfg
File: siunitx-abbreviations.cfg 2012/05/03 v2.5c siunitx: Abbreviated units
)
(/usr/local/texlive/2012/texmf-dist/tex/latex/siunitx/config/siunitx-binary.cfg
File: siunitx-binary.cfg 2012/05/03 v2.5c siunitx: Binary units
)
\c_siunitx_mathsf_int=\count304
\c_siunitx_mathtt_int=\count305


LaTeX Font Warning: Font shape `OT1/cmr/bx/sc' undefined
(Font)              using `OT1/cmr/bx/n' instead on input line 49.


Underfull \hbox (badness 10000) in paragraph at lines 76--77

 []


Underfull \hbox (badness 10000) in paragraph at lines 90--91

 []


Underfull \hbox (badness 10000) in paragraph at lines 105--106

 []

./Baniqued_Wee_HW2.tex:110: Undefined control sequence.
\f@ncyorh ->\large \texts 
                          {Angeline Baniqued \& Michael Wee}\strut 
l.110                         \end
                                  {enumerate}
? 
./Baniqued_Wee_HW2.tex:110: Emergency stop.
\f@ncyorh ->\large \texts 
                          {Angeline Baniqued \& Michael Wee}\strut 
l.110                         \end
                                  {enumerate}
End of file on the terminal!

 
Here is how much of TeX's memory you used:
 11274 strings out of 493488
 230073 string characters out of 3141326
 240257 words of memory out of 3000000
 14420 multiletter control sequences out of 15000+200000
 10281 words of font info for 38 fonts, out of 3000000 for 9000
 957 hyphenation exceptions out of 8191
 38i,11n,43p,262b,725s stack positions out of 5000i,500n,10000p,200000b,50000s
./Baniqued_Wee_HW2.tex:110:  ==> Fatal error occurred, no output PDF file produ
ced!
